<?xml version="1.0" encoding="UTF-8"?>
<testng-results skipped="0" failed="0" ignored="0" total="1" passed="1">
  <reporter-output>
  </reporter-output>
  <suite name="Default suite" duration-ms="9664" started-at="2018-05-24T19:42:45Z" finished-at="2018-05-24T19:42:55Z">
    <groups>
    </groups>
    <test name="Default test" duration-ms="9664" started-at="2018-05-24T19:42:45Z" finished-at="2018-05-24T19:42:55Z">
      <class name="sampletest.SampleTest">
        <test-method status="PASS" signature="loginTest()[pri:0, instance:sampletest.SampleTest@58c1670b]" name="loginTest" duration-ms="9619" started-at="2018-05-24T19:42:45Z" finished-at="2018-05-24T19:42:54Z">
          <reporter-output>
          </reporter-output>
        </test-method> <!-- loginTest -->
      </class> <!-- sampletest.SampleTest -->
    </test> <!-- Default test -->
  </suite> <!-- Default suite -->
</testng-results>
